<?xml version="1.0" encoding="UTF-8"?>
<testsuites>
<testsuite name="TestResults" errors="0" tests="3" failures="1" time="0.0">
<testcase classname="SwiftInterpreterTests.SwiftInterpreterTests" name="testExample" time="0.0">
</testcase>
<testcase classname="SwiftInterpreterTests.SwiftInterpreterTests2" name="testExample2_a" time="0.0">
</testcase>
<testcase classname="SwiftInterpreterTests.SwiftInterpreterTests" name="testExample2" time="0.0">
<failure message="failed"></failure>
</testcase>
</testsuite>
</testsuites>
